[2019-10-09 06:40:50] local.ERROR: Command "storage:clear" is not defined.

Did you mean one of these?
    auth:clear-resets
    cache:clear
    config:clear
    optimize:clear
    route:clear
    storage:link
    view:clear {"exception":"[object] (Symfony\\Component\\Console\\Exception\\CommandNotFoundException(code: 0): Command \"storage:clear\" is not defined.

Did you mean one of these?
    auth:clear-resets
    cache:clear
    config:clear
    optimize:clear
    route:clear
    storage:link
    view:clear at C:\\Users\\USER\\Desktop\\lara_multi\\vendor\\symfony\\console\\Application.php:632)
[stacktrace]
#0 C:\\Users\\USER\\Desktop\\lara_multi\\vendor\\symfony\\console\\Application.php(226): Symfony\\Component\\Console\\Application->find('storage:clear')
#1 C:\\Users\\USER\\Desktop\\lara_multi\\vendor\\symfony\\console\\Application.php(145): Symfony\\Component\\Console\\Application->doRun(Object(Symfony\\Component\\Console\\Input\\ArgvInput), Object(Symfony\\Component\\Console\\Output\\ConsoleOutput))
#2 C:\\Users\\USER\\Desktop\\lara_multi\\vendor\\laravel\\framework\\src\\Illuminate\\Console\\Application.php(89): Symfony\\Component\\Console\\Application->run(Object(Symfony\\Component\\Console\\Input\\ArgvInput), Object(Symfony\\Component\\Console\\Output\\ConsoleOutput))
#3 C:\\Users\\USER\\Desktop\\lara_multi\\vendor\\laravel\\framework\\src\\Illuminate\\Foundation\\Console\\Kernel.php(122): Illuminate\\Console\\Application->run(Object(Symfony\\Component\\Console\\Input\\ArgvInput), Object(Symfony\\Component\\Console\\Output\\ConsoleOutput))
#4 C:\\Users\\USER\\Desktop\\lara_multi\\artisan(37): Illuminate\\Foundation\\Console\\Kernel->handle(Object(Symfony\\Component\\Console\\Input\\ArgvInput), Object(Symfony\\Component\\Console\\Output\\ConsoleOutput))
#5 {main}
"} 
[2019-10-09 06:49:10] local.ERROR: Cache store [config:clear] is not defined. {"exception":"[object] (InvalidArgumentException(code: 0): Cache store [config:clear] is not defined. at C:\\Users\\USER\\Desktop\\lara_multi\\vendor\\laravel\\framework\\src\\Illuminate\\Cache\\CacheManager.php:96)
[stacktrace]
#0 C:\\Users\\USER\\Desktop\\lara_multi\\vendor\\laravel\\framework\\src\\Illuminate\\Cache\\CacheManager.php(80): Illuminate\\Cache\\CacheManager->resolve('config:clear')
#1 C:\\Users\\USER\\Desktop\\lara_multi\\vendor\\laravel\\framework\\src\\Illuminate\\Cache\\CacheManager.php(58): Illuminate\\Cache\\CacheManager->get('config:clear')
#2 C:\\Users\\USER\\Desktop\\lara_multi\\vendor\\laravel\\framework\\src\\Illuminate\\Cache\\Console\\ClearCommand.php(107): Illuminate\\Cache\\CacheManager->store('config:clear')
#3 C:\\Users\\USER\\Desktop\\lara_multi\\vendor\\laravel\\framework\\src\\Illuminate\\Cache\\Console\\ClearCommand.php(67): Illuminate\\Cache\\Console\\ClearCommand->cache()
#4 [internal function]: Illuminate\\Cache\\Console\\ClearCommand->handle()
#5 C:\\Users\\USER\\Desktop\\lara_multi\\vendor\\laravel\\framework\\src\\Illuminate\\Container\\BoundMethod.php(29): call_user_func_array(Array, Array)
#6 C:\\Users\\USER\\Desktop\\lara_multi\\vendor\\laravel\\framework\\src\\Illuminate\\Container\\BoundMethod.php(87): Illuminate\\Container\\BoundMethod::Illuminate\\Container\\{closure}()
#7 C:\\Users\\USER\\Desktop\\lara_multi\\vendor\\laravel\\framework\\src\\Illuminate\\Container\\BoundMethod.php(31): Illuminate\\Container\\BoundMethod::callBoundMethod(Object(Illuminate\\Foundation\\Application), Array, Object(Closure))
#8 C:\\Users\\USER\\Desktop\\lara_multi\\vendor\\laravel\\framework\\src\\Illuminate\\Container\\Container.php(572): Illuminate\\Container\\BoundMethod::call(Object(Illuminate\\Foundation\\Application), Array, Array, NULL)
#9 C:\\Users\\USER\\Desktop\\lara_multi\\vendor\\laravel\\framework\\src\\Illuminate\\Console\\Command.php(183): Illuminate\\Container\\Container->call(Array)
#10 C:\\Users\\USER\\Desktop\\lara_multi\\vendor\\symfony\\console\\Command\\Command.php(255): Illuminate\\Console\\Command->execute(Object(Symfony\\Component\\Console\\Input\\ArgvInput), Object(Illuminate\\Console\\OutputStyle))
#11 C:\\Users\\USER\\Desktop\\lara_multi\\vendor\\laravel\\framework\\src\\Illuminate\\Console\\Command.php(170): Symfony\\Component\\Console\\Command\\Command->run(Object(Symfony\\Component\\Console\\Input\\ArgvInput), Object(Illuminate\\Console\\OutputStyle))
#12 C:\\Users\\USER\\Desktop\\lara_multi\\vendor\\symfony\\console\\Application.php(901): Illuminate\\Console\\Command->run(Object(Symfony\\Component\\Console\\Input\\ArgvInput), Object(Symfony\\Component\\Console\\Output\\ConsoleOutput))
#13 C:\\Users\\USER\\Desktop\\lara_multi\\vendor\\symfony\\console\\Application.php(262): Symfony\\Component\\Console\\Application->doRunCommand(Object(Illuminate\\Cache\\Console\\ClearCommand), Object(Symfony\\Component\\Console\\Input\\ArgvInput), Object(Symfony\\Component\\Console\\Output\\ConsoleOutput))
#14 C:\\Users\\USER\\Desktop\\lara_multi\\vendor\\symfony\\console\\Application.php(145): Symfony\\Component\\Console\\Application->doRun(Object(Symfony\\Component\\Console\\Input\\ArgvInput), Object(Symfony\\Component\\Console\\Output\\ConsoleOutput))
#15 C:\\Users\\USER\\Desktop\\lara_multi\\vendor\\laravel\\framework\\src\\Illuminate\\Console\\Application.php(89): Symfony\\Component\\Console\\Application->run(Object(Symfony\\Component\\Console\\Input\\ArgvInput), Object(Symfony\\Component\\Console\\Output\\ConsoleOutput))
#16 C:\\Users\\USER\\Desktop\\lara_multi\\vendor\\laravel\\framework\\src\\Illuminate\\Foundation\\Console\\Kernel.php(122): Illuminate\\Console\\Application->run(Object(Symfony\\Component\\Console\\Input\\ArgvInput), Object(Symfony\\Component\\Console\\Output\\ConsoleOutput))
#17 C:\\Users\\USER\\Desktop\\lara_multi\\artisan(37): Illuminate\\Foundation\\Console\\Kernel->handle(Object(Symfony\\Component\\Console\\Input\\ArgvInput), Object(Symfony\\Component\\Console\\Output\\ConsoleOutput))
#18 {main}
"} 
